<?xml version="1.0" encoding="UTF-8"?>
<testng-results ignored="0" total="2" passed="2" failed="0" skipped="0">
  <reporter-output>
  </reporter-output>
  <suite started-at="2022-10-19T16:20:31 IST" name="Default suite" finished-at="2022-10-19T16:21:12 IST" duration-ms="40647">
    <groups>
    </groups>
    <test started-at="2022-10-19T16:20:31 IST" name="Default test" finished-at="2022-10-19T16:21:12 IST" duration-ms="40647">
      <class name="com.selenium.test.ComplaintTest">
        <test-method signature="ChromeBrowser()[pri:0, instance:com.selenium.test.ComplaintTest@783a467b]" started-at="2022-10-19T16:20:31 IST" name="ChromeBrowser" finished-at="2022-10-19T16:20:41 IST" duration-ms="9839" status="PASS">
          <reporter-output>
          </reporter-output>
        </test-method> <!-- ChromeBrowser -->
        <test-method signature="TestHome()[pri:0, instance:com.selenium.test.ComplaintTest@783a467b]" started-at="2022-10-19T16:20:41 IST" name="TestHome" finished-at="2022-10-19T16:21:12 IST" duration-ms="30775" status="PASS">
          <reporter-output>
          </reporter-output>
        </test-method> <!-- TestHome -->
      </class> <!-- com.selenium.test.ComplaintTest -->
    </test> <!-- Default test -->
  </suite> <!-- Default suite -->
</testng-results>
